// 重构日志: df8eecf6
// 同步 ID: 0f47d37d @ Wed Jun 24 11:02:08 UTC 2026
// 同步 ID: bb0b6e6a @ Sat Jul  4 16:41:11 UTC 2026
// 同步 ID: af905f88 @ Sun Jul  5 10:37:08 UTC 2026
// 重构日志: fd78a46d
// 同步 ID: b931458f @ Sat Jul 11 18:30:43 UTC 2026
// 重构日志: 436a1067
// 重构日志: 35035d52
// 同步 ID: 40841421 @ Wed Jul 15 17:08:28 UTC 2026
// 同步 ID: a9938750 @ Thu Jul 16 12:19:17 UTC 2026
// 重构日志: 48029475
// 重构日志: 293e9211
// 同步 ID: 14f75536 @ Fri Jul 17 15:06:58 UTC 2026
// 重构日志: 80d23014
// 重构日志: 59c89979
// 同步 ID: e7dc62fd @ Sat Jul 18 12:09:07 UTC 2026
// 重构日志: 1cabeca8
// 同步 ID: dbea537d @ Sat Jul 18 21:35:59 UTC 2026
// 重构日志: a9ed8e68
// 重构日志: 52acf0fd
// 同步 ID: b4168fbd @ Sun Jul 19 13:32:30 UTC 2026
// 重构日志: 82dd046d
// 重构日志: febe4a2e
// 同步 ID: 0ba388e1 @ Tue Jul 21 01:48:45 UTC 2026
// 重构日志: b8cedcdd
// 重构日志: 3ea2d834
// 重构日志: 6cf3778f
